Sat Feb 25 16:50:39 2023       
+-----------------------------------------------------------------------------+
| NVIDIA-SMI 450.119.04   Driver Version: 450.119.04   CUDA Version: 11.0     |
|-------------------------------+----------------------+----------------------+
| GPU  Name        Persistence-M| Bus-Id        Disp.A | Volatile Uncorr. ECC |
| Fan  Temp  Perf  Pwr:Usage/Cap|         Memory-Usage | GPU-Util  Compute M. |
|                               |                      |               MIG M. |
|===============================+======================+======================|
|   0  Tesla V100-SXM3...  On   | 00000000:36:00.0 Off |                    0 |
| N/A   28C    P0    48W / 350W |      0MiB / 32510MiB |      0%      Default |
|                               |                      |                  N/A |
+-------------------------------+----------------------+----------------------+
|   1  Tesla V100-SXM3...  On   | 00000000:39:00.0 Off |                    0 |
| N/A   33C    P0    51W / 350W |      0MiB / 32510MiB |      0%      Default |
|                               |                      |                  N/A |
+-------------------------------+----------------------+----------------------+
                                                                               
+-----------------------------------------------------------------------------+
| Processes:                                                                  |
|  GPU   GI   CI        PID   Type   Process name                  GPU Memory |
|        ID   ID                                                   Usage      |
|=============================================================================|
|  No running processes found                                                 |
+-----------------------------------------------------------------------------+
WARNING:root:The WILDS package is out of date. Your version is 1.2.2, while the latest version is 2.0.0.
Traceback (most recent call last):
  File "/nfs/users/ext_group8/miniconda3/envs/ai/lib/python3.8/runpy.py", line 194, in _run_module_as_main
    return _run_code(code, main_globals, None,
  File "/nfs/users/ext_group8/miniconda3/envs/ai/lib/python3.8/runpy.py", line 87, in _run_code
    exec(code, run_globals)
  File "/nfs/users/ext_group8/Repos/BroaderDG/domainbed/scripts/sweep.py", line 23, in <module>
    from domainbed import algorithms
  File "/nfs/users/ext_group8/Repos/BroaderDG/domainbed/algorithms.py", line 87, in <module>
    class ERM(Algoritalgorithmshm):
NameError: name 'Algoritalgorithmshm' is not defined
WARNING:root:The WILDS package is out of date. Your version is 1.2.2, while the latest version is 2.0.0.
Traceback (most recent call last):
  File "/nfs/users/ext_group8/miniconda3/envs/ai/lib/python3.8/runpy.py", line 194, in _run_module_as_main
    return _run_code(code, main_globals, None,
  File "/nfs/users/ext_group8/miniconda3/envs/ai/lib/python3.8/runpy.py", line 87, in _run_code
    exec(code, run_globals)
  File "/nfs/users/ext_group8/Repos/BroaderDG/domainbed/scripts/sweep.py", line 23, in <module>
    from domainbed import algorithms
  File "/nfs/users/ext_group8/Repos/BroaderDG/domainbed/algorithms.py", line 87, in <module>
    class ERM(Algoritalgorithmshm):
NameError: name 'Algoritalgorithmshm' is not defined
